[14:15:33.492][info] [#0:main:51]: Lua Lsp startup, root: 	/home/matei/.config/emacs/.cache/lsp/lua-language-server/extension/server
[14:15:33.492][debug][#0:main:52]: ROOT:	/home/matei/.config/emacs/.cache/lsp/lua-language-server/extension/server
[14:15:33.492][debug][#0:main:53]: LOGPATH:	/home/matei/.config/emacs/.cache/lsp/lua-language-server/extension/server/log
[14:15:33.492][debug][#0:main:54]: METAPATH:	/home/matei/.config/emacs/.cache/lsp/lua-language-server/extension/server/meta
[14:15:33.496][info] [#0:script.service.telemetry:16]: Telemetry Token:	352FB15DA42347A6
[14:15:33.525][info] [#0:script.pub.pub:48]: Create brave:	1
[14:15:33.526][info] [#0:script.pub.pub:48]: Create brave:	2
[14:15:33.526][info] [#0:script.pub.pub:48]: Create brave:	3
[14:15:33.526][info] [#0:script.pub.pub:48]: Create brave:	4
[14:15:33.526][debug][#0:script.service.service:136]: 
========= Medical Examination Report =========
    --------------- Memory ---------------
        Total: 1.689 MB
        # 00 : 1.689 MB
        # 01 : 0.000 MB
        # 02 : 0.000 MB
        # 03 : 0.000 MB
        # 04 : 0.000 MB
    --------------- Coroutine ---------------
        Total:     0
        Running:   0
        Suspended: 0
        Normal:    0
        Dead:      0
    --------------- Cache ---------------
        Total: 1
        Dead:  0
    --------------- Proto ---------------
        Holdon:   0
        Waiting:  0
==============================================
[14:15:33.626][debug][#0:script.provider.client:32]: Client init	{
    capabilities = {
        textDocument = {
            callHierarchy = {
                dynamicRegistration = false,
            },
            codeAction = {
                codeActionLiteralSupport = {
                    codeActionKind = {
                        valueSet = {
                            [1] = "",
                            [2] = "quickfix",
                            [3] = "refactor",
                            [4] = "refactor.extract",
                            [5] = "refactor.inline",
                            [6] = "refactor.rewrite",
                            [7] = "source",
                            [8] = "source.organizeImports",
                        },
                    },
                },
                dataSupport = true,
                dynamicRegistration = true,
                isPreferredSupport = true,
                resolveSupport = {
                    properties = {
                        [1] = "edit",
                        [2] = "command",
                    },
                },
            },
            completion = {
                completionItem = {
                    documentationFormat = {
                        [1] = "markdown",
                        [2] = "plaintext",
                    },
                    insertReplaceSupport = true,
                    resolveAdditionalTextEditsSupport = true,
                    resolveSupport = {
                        properties = {
                            [1] = "documentation",
                            [2] = "details",
                            [3] = "additionalTextEdits",
                            [4] = "command",
                        },
                    },
                    snippetSupport = false,
                },
                contextSupport = true,
            },
            declaration = {
                linkSupport = true,
            },
            definition = {
                linkSupport = true,
            },
            documentLink = {
                dynamicRegistration = true,
                tooltipSupport = true,
            },
            documentSymbol = {
                hierarchicalDocumentSymbolSupport = true,
                symbolKind = {
                    valueSet = {
                        [01] = 1,
                        [02] = 2,
                        [03] = 3,
                        [04] = 4,
                        [05] = 5,
                        [06] = 6,
                        [07] = 7,
                        [08] = 8,
                        [09] = 9,
                        [10] = 10,
                        [11] = 11,
                        [12] = 12,
                        [13] = 13,
                        [14] = 14,
                        [15] = 15,
                        [16] = 16,
                        [17] = 17,
                        [18] = 18,
                        [19] = 19,
                        [20] = 20,
                        [21] = 21,
                        [22] = 22,
                        [23] = 23,
                        [24] = 24,
                        [25] = 25,
                        [26] = 26,
                    },
                },
            },
            foldingRange = {
                dynamicRegistration = true,
            },
            formatting = {
                dynamicRegistration = true,
            },
            hover = {
                contentFormat = {
                    [1] = "markdown",
                    [2] = "plaintext",
                },
            },
            implementation = {
                linkSupport = true,
            },
            publishDiagnostics = {
                relatedInformation = true,
                tagSupport = {
                    valueSet = {
                        [1] = 1,
                        [2] = 2,
                    },
                },
                versionSupport = true,
            },
            rangeFormatting = {
                dynamicRegistration = true,
            },
            rename = {
                dynamicRegistration = true,
                prepareSupport = true,
            },
            signatureHelp = {
                signatureInformation = {
                    parameterInformation = {
                        labelOffsetSupport = true,
                    },
                },
            },
            synchronization = {
                didSave = true,
                willSave = true,
                willSaveWaitUntil = true,
            },
            typeDefinition = {
                linkSupport = true,
            },
        },
        window = {
            workDoneProgress = true,
        },
        workspace = {
            applyEdit = true,
            configuration = true,
            executeCommand = {
                dynamicRegistration = false,
            },
            symbol = {
                symbolKind = {
                    valueSet = {
                        [01] = 1,
                        [02] = 2,
                        [03] = 3,
                        [04] = 4,
                        [05] = 5,
                        [06] = 6,
                        [07] = 7,
                        [08] = 8,
                        [09] = 9,
                        [10] = 10,
                        [11] = 11,
                        [12] = 12,
                        [13] = 13,
                        [14] = 14,
                        [15] = 15,
                        [16] = 16,
                        [17] = 17,
                        [18] = 18,
                        [19] = 19,
                        [20] = 20,
                        [21] = 21,
                        [22] = 22,
                        [23] = 23,
                        [24] = 24,
                        [25] = 25,
                        [26] = 26,
                    },
                },
            },
            workspaceEdit = {
                documentChanges = true,
                resourceOperations = {
                    [1] = "create",
                    [2] = "rename",
                    [3] = "delete",
                },
            },
            workspaceFolders = true,
        },
    },
    clientInfo = {
        name = "emacs",
        version = "GNU Emacs 28.0.50 (build 1, x86_64-pc-linux-gnu, GTK+ Version 3.24.28, cairo version 1.17.4)\
 of 2021-04-21",
    },
    rootPath = "/home/matei",
    rootUri = "file:///home/matei",
    workDoneToken = "1",
}
[14:15:33.626][info] [#0:script.language:135]: VSC language: nil
[14:15:33.626][info] [#0:script.language:136]: LS  language: en-us
[14:15:33.646][info] [#0:script.workspace.workspace:31]: Workspace inited: 	file:///home/matei
[14:15:33.646][info] [#0:script.workspace.workspace:38]: Log path: 	/home/matei/.config/emacs/.cache/lsp/lua-language-server/extension/server/log/file_home_matei.log
[14:15:33.649][debug][#0:script.provider.provider:246]: didOpen	file:///home/matei/linux-dotfiles/home/user/.config/awesome/rc.lua
[14:15:34.027][debug][#0:script.config:231]: Config update: 	{
    color = {
        mode = "Semantic",
    },
    completion = {
        callSnippet = "Disable",
        displayContext = 6,
        enable = true,
        keywordSnippet = "Replace",
        workspaceWord = true,
    },
    diagnostics = {
        disable = {
        },
        enable = true,
        globals = {
        },
        neededFileStatus = {
            ["ambiguity-1"] = "Any",
            ["circle-doc-class"] = "Any",
            ["close-non-object"] = "Any",
            ["code-after-break"] = "Opened",
            ["count-down-loop"] = "Any",
            ["doc-field-no-class"] = "Any",
            ["duplicate-doc-class"] = "Any",
            ["duplicate-doc-field"] = "Any",
            ["duplicate-doc-param"] = "Any",
            ["duplicate-index"] = "Any",
            ["duplicate-set-field"] = "Any",
            ["empty-block"] = "Opened",
            ["global-in-nil-env"] = "Any",
            ["lowercase-global"] = "Any",
            ["newfield-call"] = "Any",
            ["newline-call"] = "Any",
            ["no-implicit-any"] = "None",
            ["redefined-local"] = "Opened",
            ["redundant-parameter"] = "Opened",
            ["redundant-value"] = "Opened",
            ["trailing-space"] = "Opened",
            ["unbalanced-assignments"] = "Any",
            ["undefined-doc-class"] = "Any",
            ["undefined-doc-name"] = "Any",
            ["undefined-doc-param"] = "Any",
            ["undefined-env-child"] = "Any",
            ["undefined-field"] = "Opened",
            ["undefined-global"] = "Any",
            ["unused-function"] = "Opened",
            ["unused-label"] = "Opened",
            ["unused-local"] = "Opened",
            ["unused-vararg"] = "Opened",
        },
        severity = {
            ["ambiguity-1"] = "Warning",
            ["circle-doc-class"] = "Warning",
            ["close-non-object"] = "Warning",
            ["code-after-break"] = "Hint",
            ["count-down-loop"] = "Warning",
            ["doc-field-no-class"] = "Warning",
            ["duplicate-doc-class"] = "Warning",
            ["duplicate-doc-field"] = "Warning",
            ["duplicate-doc-param"] = "Warning",
            ["duplicate-index"] = "Warning",
            ["duplicate-set-field"] = "Warning",
            ["empty-block"] = "Hint",
            ["global-in-nil-env"] = "Warning",
            ["lowercase-global"] = "Information",
            ["newfield-call"] = "Warning",
            ["newline-call"] = "Information",
            ["no-implicit-any"] = "Information",
            ["redefined-local"] = "Hint",
            ["redundant-parameter"] = "Hint",
            ["redundant-value"] = "Hint",
            ["trailing-space"] = "Hint",
            ["unbalanced-assignments"] = "Warning",
            ["undefined-doc-class"] = "Warning",
            ["undefined-doc-name"] = "Warning",
            ["undefined-doc-param"] = "Warning",
            ["undefined-env-child"] = "Information",
            ["undefined-field"] = "Warning",
            ["undefined-global"] = "Warning",
            ["unused-function"] = "Hint",
            ["unused-label"] = "Hint",
            ["unused-local"] = "Hint",
            ["unused-vararg"] = "Hint",
        },
        workspaceDelay = 0,
        workspaceRate = 100,
    },
    hint = {
        enable = false,
        paramName = true,
        paramType = true,
        setType = false,
    },
    hover = {
        enable = true,
        fieldInfer = 3000,
        previewFields = 100,
        viewNumber = true,
        viewString = true,
        viewStringMax = 1000,
    },
    intelliSense = {
        searchDepth = 0,
    },
    runtime = {
        fileEncoding = "utf8",
        meta = "${version} ${language}",
        nonstandardSymbol = {
        },
        path = {
            [1] = "?.lua",
            [2] = "?/init.lua",
            [3] = "?/?.lua",
        },
        plugin = ".vscode/lua/plugin.lua",
        special = {
        },
        unicodeName = false,
        version = "Lua 5.4",
    },
    signatureHelp = {
        enable = true,
    },
    telemetry = {
        enable = true,
    },
    window = {
        progressBar = true,
        statusBar = true,
    },
    workspace = {
        ignoreDir = {
            [".vscode"] = true,
        },
        ignoreSubmodules = true,
        library = {
        },
        maxPreload = 1000,
        preloadFileSize = 100,
        useGitIgnore = true,
    },
}	{
    associations = {
    },
    exclude = {
    },
    semantic = "",
}
[14:15:34.033][debug][#0:script.provider.semantic-tokens:96]: Refresh semantic tokens.
[14:15:34.033][debug][#0:script.provider.completion:19]: Enable completion.
[14:15:34.643][info] [#0:script.workspace.workspace:295]: Preload start.
[14:15:34.643][info] [#0:script.workspace.workspace:81]: Ignore directory:	.vscode
[14:15:34.644][debug][#0:script.workspace.workspace:161]: getLibraryMatchers	/home/matei/.config/emacs/.cache/lsp/lua-language-server/extension/server/meta/Lua 5.4 en-us	/home/matei/.config/emacs/.cache/lsp/lua-language-server/extension/server/meta/Lua 5.4 en-us
[14:15:34.644][info] [#0:script.workspace.workspace:300]: Scan files at:	/home/matei
