[15:43:23.047][info] [#0:main:51]: Lua Lsp startup, root: 	/home/matei/.config/emacs/.cache/lsp/lua-language-server/extension/server
[15:43:23.047][debug][#0:main:52]: ROOT:	/home/matei/.config/emacs/.cache/lsp/lua-language-server/extension/server
[15:43:23.047][debug][#0:main:53]: LOGPATH:	/home/matei/.config/emacs/.cache/lsp/lua-language-server/extension/server/log
[15:43:23.047][debug][#0:main:54]: METAPATH:	/home/matei/.config/emacs/.cache/lsp/lua-language-server/extension/server/meta
[15:43:23.051][info] [#0:script.service.telemetry:16]: Telemetry Token:	30A7CCEB4F077D8F
[15:43:23.077][info] [#0:script.pub.pub:48]: Create brave:	1
[15:43:23.077][info] [#0:script.pub.pub:48]: Create brave:	2
[15:43:23.077][info] [#0:script.pub.pub:48]: Create brave:	3
[15:43:23.077][info] [#0:script.pub.pub:48]: Create brave:	4
[15:43:23.077][debug][#0:script.service.service:136]: 
========= Medical Examination Report =========
    --------------- Memory ---------------
        Total: 1.689 MB
        # 00 : 1.689 MB
        # 01 : 0.000 MB
        # 02 : 0.000 MB
        # 03 : 0.000 MB
        # 04 : 0.000 MB
    --------------- Coroutine ---------------
        Total:     0
        Running:   0
        Suspended: 0
        Normal:    0
        Dead:      0
    --------------- Cache ---------------
        Total: 1
        Dead:  0
    --------------- Proto ---------------
        Holdon:   0
        Waiting:  0
==============================================
[15:43:23.105][debug][#0:script.provider.client:32]: Client init	{
    capabilities = {
        textDocument = {
            callHierarchy = {
                dynamicRegistration = false,
            },
            codeAction = {
                codeActionLiteralSupport = {
                    codeActionKind = {
                        valueSet = {
                            [1] = "",
                            [2] = "quickfix",
                            [3] = "refactor",
                            [4] = "refactor.extract",
                            [5] = "refactor.inline",
                            [6] = "refactor.rewrite",
                            [7] = "source",
                            [8] = "source.organizeImports",
                        },
                    },
                },
                dataSupport = true,
                dynamicRegistration = true,
                isPreferredSupport = true,
                resolveSupport = {
                    properties = {
                        [1] = "edit",
                        [2] = "command",
                    },
                },
            },
            completion = {
                completionItem = {
                    documentationFormat = {
                        [1] = "markdown",
                        [2] = "plaintext",
                    },
                    insertReplaceSupport = true,
                    insertTextModeSupport = {
                        valueSet = {
                            [1] = 1,
                            [2] = 2,
                        },
                    },
                    resolveAdditionalTextEditsSupport = true,
                    resolveSupport = {
                        properties = {
                            [1] = "documentation",
                            [2] = "details",
                            [3] = "additionalTextEdits",
                            [4] = "command",
                        },
                    },
                    snippetSupport = true,
                },
                contextSupport = true,
            },
            declaration = {
                linkSupport = true,
            },
            definition = {
                linkSupport = true,
            },
            documentLink = {
                dynamicRegistration = true,
                tooltipSupport = true,
            },
            documentSymbol = {
                hierarchicalDocumentSymbolSupport = true,
                symbolKind = {
                    valueSet = {
                        [01] = 1,
                        [02] = 2,
                        [03] = 3,
                        [04] = 4,
                        [05] = 5,
                        [06] = 6,
                        [07] = 7,
                        [08] = 8,
                        [09] = 9,
                        [10] = 10,
                        [11] = 11,
                        [12] = 12,
                        [13] = 13,
                        [14] = 14,
                        [15] = 15,
                        [16] = 16,
                        [17] = 17,
                        [18] = 18,
                        [19] = 19,
                        [20] = 20,
                        [21] = 21,
                        [22] = 22,
                        [23] = 23,
                        [24] = 24,
                        [25] = 25,
                        [26] = 26,
                    },
                },
            },
            foldingRange = {
                dynamicRegistration = true,
            },
            formatting = {
                dynamicRegistration = true,
            },
            hover = {
                contentFormat = {
                    [1] = "markdown",
                    [2] = "plaintext",
                },
            },
            implementation = {
                linkSupport = true,
            },
            publishDiagnostics = {
                relatedInformation = true,
                tagSupport = {
                    valueSet = {
                        [1] = 1,
                        [2] = 2,
                    },
                },
                versionSupport = true,
            },
            rangeFormatting = {
                dynamicRegistration = true,
            },
            rename = {
                dynamicRegistration = true,
                prepareSupport = true,
            },
            signatureHelp = {
                signatureInformation = {
                    parameterInformation = {
                        labelOffsetSupport = true,
                    },
                },
            },
            synchronization = {
                didSave = true,
                willSave = true,
                willSaveWaitUntil = true,
            },
            typeDefinition = {
                linkSupport = true,
            },
        },
        window = {
            workDoneProgress = true,
        },
        workspace = {
            applyEdit = true,
            configuration = true,
            executeCommand = {
                dynamicRegistration = false,
            },
            fileOperations = {
                didCreate = false,
                didDelete = false,
                didRename = false,
                willCreate = false,
                willDelete = false,
                willRename = false,
            },
            symbol = {
                symbolKind = {
                    valueSet = {
                        [01] = 1,
                        [02] = 2,
                        [03] = 3,
                        [04] = 4,
                        [05] = 5,
                        [06] = 6,
                        [07] = 7,
                        [08] = 8,
                        [09] = 9,
                        [10] = 10,
                        [11] = 11,
                        [12] = 12,
                        [13] = 13,
                        [14] = 14,
                        [15] = 15,
                        [16] = 16,
                        [17] = 17,
                        [18] = 18,
                        [19] = 19,
                        [20] = 20,
                        [21] = 21,
                        [22] = 22,
                        [23] = 23,
                        [24] = 24,
                        [25] = 25,
                        [26] = 26,
                    },
                },
            },
            workspaceEdit = {
                documentChanges = true,
                resourceOperations = {
                    [1] = "create",
                    [2] = "rename",
                    [3] = "delete",
                },
            },
            workspaceFolders = true,
        },
    },
    clientInfo = {
        name = "emacs",
        version = "GNU Emacs 28.0.50 (build 1, x86_64-pc-linux-gnu, GTK+ Version 3.24.30, cairo version 1.17.4)\
 of 2021-08-17",
    },
    rootPath = "/home/matei/.config/awesome/quiet",
    rootUri = "file:///home/matei/.config/awesome/quiet",
    workDoneToken = "1",
}
[15:43:23.105][info] [#0:script.language:135]: VSC language: nil
[15:43:23.105][info] [#0:script.language:136]: LS  language: en-us
[15:43:23.173][info] [#0:script.workspace.workspace:31]: Workspace inited: 	file:///home/matei/.config/awesome/quiet
[15:43:23.173][info] [#0:script.workspace.workspace:38]: Log path: 	/home/matei/.config/emacs/.cache/lsp/lua-language-server/extension/server/log/file_home_matei_.config_awesome_quiet.log
[15:43:23.312][debug][#0:script.provider.provider:246]: didOpen	file:///home/matei/.config/awesome/quiet/theme.lua
[15:43:23.340][debug][#0:script.config:231]: Config update: 	{
    color = {
        mode = "Semantic",
    },
    completion = {
        callSnippet = "Disable",
        displayContext = 6,
        enable = true,
        keywordSnippet = "Replace",
        workspaceWord = true,
    },
    diagnostics = {
        disable = {
        },
        enable = true,
        globals = {
        },
        neededFileStatus = {
            ["ambiguity-1"] = "Any",
            ["circle-doc-class"] = "Any",
            ["close-non-object"] = "Any",
            ["code-after-break"] = "Opened",
            ["count-down-loop"] = "Any",
            ["doc-field-no-class"] = "Any",
            ["duplicate-doc-class"] = "Any",
            ["duplicate-doc-field"] = "Any",
            ["duplicate-doc-param"] = "Any",
            ["duplicate-index"] = "Any",
            ["duplicate-set-field"] = "Any",
            ["empty-block"] = "Opened",
            ["global-in-nil-env"] = "Any",
            ["lowercase-global"] = "Any",
            ["newfield-call"] = "Any",
            ["newline-call"] = "Any",
            ["no-implicit-any"] = "None",
            ["redefined-local"] = "Opened",
            ["redundant-parameter"] = "Opened",
            ["redundant-value"] = "Opened",
            ["trailing-space"] = "Opened",
            ["unbalanced-assignments"] = "Any",
            ["undefined-doc-class"] = "Any",
            ["undefined-doc-name"] = "Any",
            ["undefined-doc-param"] = "Any",
            ["undefined-env-child"] = "Any",
            ["undefined-field"] = "Opened",
            ["undefined-global"] = "Any",
            ["unused-function"] = "Opened",
            ["unused-label"] = "Opened",
            ["unused-local"] = "Opened",
            ["unused-vararg"] = "Opened",
        },
        severity = {
            ["ambiguity-1"] = "Warning",
            ["circle-doc-class"] = "Warning",
            ["close-non-object"] = "Warning",
            ["code-after-break"] = "Hint",
            ["count-down-loop"] = "Warning",
            ["doc-field-no-class"] = "Warning",
            ["duplicate-doc-class"] = "Warning",
            ["duplicate-doc-field"] = "Warning",
            ["duplicate-doc-param"] = "Warning",
            ["duplicate-index"] = "Warning",
            ["duplicate-set-field"] = "Warning",
            ["empty-block"] = "Hint",
            ["global-in-nil-env"] = "Warning",
            ["lowercase-global"] = "Information",
            ["newfield-call"] = "Warning",
            ["newline-call"] = "Information",
            ["no-implicit-any"] = "Information",
            ["redefined-local"] = "Hint",
            ["redundant-parameter"] = "Hint",
            ["redundant-value"] = "Hint",
            ["trailing-space"] = "Hint",
            ["unbalanced-assignments"] = "Warning",
            ["undefined-doc-class"] = "Warning",
            ["undefined-doc-name"] = "Warning",
            ["undefined-doc-param"] = "Warning",
            ["undefined-env-child"] = "Information",
            ["undefined-field"] = "Warning",
            ["undefined-global"] = "Warning",
            ["unused-function"] = "Hint",
            ["unused-label"] = "Hint",
            ["unused-local"] = "Hint",
            ["unused-vararg"] = "Hint",
        },
        workspaceDelay = 0,
        workspaceRate = 100,
    },
    hint = {
        enable = false,
        paramName = true,
        paramType = true,
        setType = false,
    },
    hover = {
        enable = true,
        fieldInfer = 3000,
        previewFields = 100,
        viewNumber = true,
        viewString = true,
        viewStringMax = 1000,
    },
    intelliSense = {
        searchDepth = 0,
    },
    runtime = {
        fileEncoding = "utf8",
        meta = "${version} ${language}",
        nonstandardSymbol = {
        },
        path = {
            [1] = "?.lua",
            [2] = "?/init.lua",
            [3] = "?/?.lua",
        },
        plugin = ".vscode/lua/plugin.lua",
        special = {
        },
        unicodeName = false,
        version = "Lua 5.4",
    },
    signatureHelp = {
        enable = true,
    },
    telemetry = {
        enable = false,
    },
    window = {
        progressBar = true,
        statusBar = true,
    },
    workspace = {
        ignoreDir = {
            [".vscode"] = true,
        },
        ignoreSubmodules = true,
        library = {
        },
        maxPreload = 1000,
        preloadFileSize = 100,
        useGitIgnore = true,
    },
}	{
    associations = {
    },
    exclude = {
    },
    semantic = "",
}
[15:43:23.344][debug][#0:script.provider.semantic-tokens:96]: Refresh semantic tokens.
[15:43:23.344][debug][#0:script.provider.completion:19]: Enable completion.
[15:43:23.525][info] [#0:script.workspace.workspace:295]: Preload start.
[15:43:23.525][info] [#0:script.workspace.workspace:81]: Ignore directory:	.vscode
[15:43:23.526][debug][#0:script.workspace.workspace:161]: getLibraryMatchers	/home/matei/.config/emacs/.cache/lsp/lua-language-server/extension/server/meta/Lua 5.4 en-us	/home/matei/.config/emacs/.cache/lsp/lua-language-server/extension/server/meta/Lua 5.4 en-us
[15:43:23.527][info] [#0:script.workspace.workspace:300]: Scan files at:	/home/matei/.config/awesome/quiet
[15:43:23.529][info] [#0:script.workspace.workspace:305]: Scan library at:	/home/matei/.config/emacs/.cache/lsp/lua-language-server/extension/server/meta/Lua 5.4 en-us
[15:43:23.531][info] [#0:script.workspace.workspace:309]: Found 13 files.
[15:43:23.531][info] [#0:script.workspace.workspace:311]: Loaded 0/13 files
[15:43:23.531][info] [#0:script.workspace.workspace:227]: Preload file at: file:///home/matei/.config/awesome/quiet/theme.lua , size = 5.682 KB
[15:43:23.531][info] [#0:script.workspace.workspace:227]: Preload file at: file:///home/matei/.config/emacs/.cache/lsp/lua-language-server/extension/server/meta/Lua%205.4%20en-us/io.lua , size = 4.111 KB
[15:43:23.531][info] [#0:script.workspace.workspace:229]: ++++As library of:	/home/matei/.config/emacs/.cache/lsp/lua-language-server/extension/server/meta/Lua 5.4 en-us
[15:43:23.540][info] [#0:script.workspace.workspace:227]: Preload file at: file:///home/matei/.config/emacs/.cache/lsp/lua-language-server/extension/server/meta/Lua%205.4%20en-us/debug.lua , size = 7.902 KB
[15:43:23.540][info] [#0:script.workspace.workspace:229]: ++++As library of:	/home/matei/.config/emacs/.cache/lsp/lua-language-server/extension/server/meta/Lua 5.4 en-us
[15:43:23.555][info] [#0:script.workspace.workspace:227]: Preload file at: file:///home/matei/.config/emacs/.cache/lsp/lua-language-server/extension/server/meta/Lua%205.4%20en-us/table.lua , size = 2.755 KB
[15:43:23.555][info] [#0:script.workspace.workspace:229]: ++++As library of:	/home/matei/.config/emacs/.cache/lsp/lua-language-server/extension/server/meta/Lua 5.4 en-us
[15:43:23.558][info] [#0:script.workspace.workspace:227]: Preload file at: file:///home/matei/.config/emacs/.cache/lsp/lua-language-server/extension/server/meta/Lua%205.4%20en-us/package.lua , size = 2.975 KB
[15:43:23.558][info] [#0:script.workspace.workspace:229]: ++++As library of:	/home/matei/.config/emacs/.cache/lsp/lua-language-server/extension/server/meta/Lua 5.4 en-us
[15:43:23.560][info] [#0:script.workspace.workspace:227]: Preload file at: file:///home/matei/.config/emacs/.cache/lsp/lua-language-server/extension/server/meta/Lua%205.4%20en-us/utf8.lua , size = 2.341 KB
[15:43:23.560][info] [#0:script.workspace.workspace:229]: ++++As library of:	/home/matei/.config/emacs/.cache/lsp/lua-language-server/extension/server/meta/Lua 5.4 en-us
[15:43:23.562][info] [#0:script.workspace.workspace:227]: Preload file at: file:///home/matei/.config/emacs/.cache/lsp/lua-language-server/extension/server/meta/Lua%205.4%20en-us/math.lua , size = 8.401 KB
[15:43:23.562][info] [#0:script.workspace.workspace:229]: ++++As library of:	/home/matei/.config/emacs/.cache/lsp/lua-language-server/extension/server/meta/Lua 5.4 en-us
[15:43:23.569][info] [#0:script.workspace.workspace:227]: Preload file at: file:///home/matei/.config/emacs/.cache/lsp/lua-language-server/extension/server/meta/Lua%205.4%20en-us/builtin.lua , size = 0.260 KB
[15:43:23.569][info] [#0:script.workspace.workspace:229]: ++++As library of:	/home/matei/.config/emacs/.cache/lsp/lua-language-server/extension/server/meta/Lua 5.4 en-us
[15:43:23.569][info] [#0:script.workspace.workspace:227]: Preload file at: file:///home/matei/.config/emacs/.cache/lsp/lua-language-server/extension/server/meta/Lua%205.4%20en-us/os.lua , size = 4.313 KB
[15:43:23.569][info] [#0:script.workspace.workspace:229]: ++++As library of:	/home/matei/.config/emacs/.cache/lsp/lua-language-server/extension/server/meta/Lua 5.4 en-us
[15:43:23.571][info] [#0:script.workspace.workspace:227]: Preload file at: file:///home/matei/.config/emacs/.cache/lsp/lua-language-server/extension/server/meta/Lua%205.4%20en-us/string.lua , size = 6.103 KB
[15:43:23.571][info] [#0:script.workspace.workspace:229]: ++++As library of:	/home/matei/.config/emacs/.cache/lsp/lua-language-server/extension/server/meta/Lua 5.4 en-us
[15:43:23.574][info] [#0:script.workspace.workspace:227]: Preload file at: file:///home/matei/.config/emacs/.cache/lsp/lua-language-server/extension/server/meta/Lua%205.4%20en-us/file.lua , size = 2.325 KB
[15:43:23.574][info] [#0:script.workspace.workspace:229]: ++++As library of:	/home/matei/.config/emacs/.cache/lsp/lua-language-server/extension/server/meta/Lua 5.4 en-us
[15:43:23.575][info] [#0:script.workspace.workspace:227]: Preload file at: file:///home/matei/.config/emacs/.cache/lsp/lua-language-server/extension/server/meta/Lua%205.4%20en-us/coroutine.lua , size = 2.552 KB
[15:43:23.575][info] [#0:script.workspace.workspace:229]: ++++As library of:	/home/matei/.config/emacs/.cache/lsp/lua-language-server/extension/server/meta/Lua 5.4 en-us
[15:43:23.577][info] [#0:script.workspace.workspace:227]: Preload file at: file:///home/matei/.config/emacs/.cache/lsp/lua-language-server/extension/server/meta/Lua%205.4%20en-us/basic.lua , size = 14.040 KB
[15:43:23.577][info] [#0:script.workspace.workspace:229]: ++++As library of:	/home/matei/.config/emacs/.cache/lsp/lua-language-server/extension/server/meta/Lua 5.4 en-us
[15:43:23.815][info] [#0:script.workspace.workspace:311]: Loaded 13/13 files
[15:43:23.815][info] [#0:script.workspace.workspace:320]: Preload finish.
[15:43:24.122][debug][#0:script.provider.diagnostic:223]: publishDiagnostics	file:///home/matei/.config/awesome/quiet/theme.lua	1
[15:43:24.122][debug][#0:script.provider.diagnostic:340]: 全文诊断耗时：	0.016972
[15:43:34.307][debug][#0:script.provider.diagnostic:340]: 全文诊断耗时：	0.027451
[15:43:34.786][debug][#0:script.provider.diagnostic:340]: 全文诊断耗时：	0.011025
[15:43:35.439][debug][#0:script.provider.diagnostic:340]: 全文诊断耗时：	0.0093569999999999
[15:43:37.420][debug][#0:script.provider.diagnostic:340]: 全文诊断耗时：	0.012316
[15:43:38.640][debug][#0:script.provider.diagnostic:340]: 全文诊断耗时：	0.012223
[15:43:39.161][debug][#0:script.provider.diagnostic:340]: 全文诊断耗时：	0.0041789999999999
[15:43:50.786][debug][#0:script.provider.diagnostic:340]: 全文诊断耗时：	0.011154
[15:43:51.601][debug][#0:script.provider.diagnostic:340]: 全文诊断耗时：	0.0014860000000001
[15:43:52.204][debug][#0:script.provider.diagnostic:340]: 全文诊断耗时：	0.01017
[15:43:52.950][debug][#0:script.provider.diagnostic:340]: 全文诊断耗时：	0.005986
[15:43:55.118][debug][#0:script.provider.diagnostic:340]: 全文诊断耗时：	0.0047470000000001
[15:43:55.713][debug][#0:script.provider.diagnostic:340]: 全文诊断耗时：	0.0072650000000001
[15:43:59.918][debug][#0:script.provider.diagnostic:340]: 全文诊断耗时：	0.004321
[15:44:03.457][debug][#0:script.provider.diagnostic:340]: 全文诊断耗时：	0.0059709999999997
[15:44:04.023][debug][#0:script.provider.diagnostic:340]: 全文诊断耗时：	0.0029889999999999
[15:44:05.676][debug][#0:script.provider.diagnostic:340]: 全文诊断耗时：	0.012231
[15:44:05.770][debug][#0:script.provider.diagnostic:223]: publishDiagnostics	file:///home/matei/.config/awesome/quiet/theme.lua	3
[15:44:05.864][debug][#0:script.provider.diagnostic:340]: 全文诊断耗时：	0.0049799999999998
[15:44:05.942][debug][#0:script.provider.diagnostic:223]: publishDiagnostics	file:///home/matei/.config/awesome/quiet/theme.lua	4
[15:44:05.944][debug][#0:script.provider.diagnostic:340]: 全文诊断耗时：	0.0019429999999998
[15:44:06.047][debug][#0:script.provider.diagnostic:223]: publishDiagnostics	file:///home/matei/.config/awesome/quiet/theme.lua	4
[15:44:06.132][debug][#0:script.provider.diagnostic:340]: 全文诊断耗时：	0.011113
[15:44:06.445][debug][#0:script.provider.diagnostic:223]: publishDiagnostics	file:///home/matei/.config/awesome/quiet/theme.lua	4
[15:44:06.638][debug][#0:script.provider.diagnostic:223]: publishDiagnostics	file:///home/matei/.config/awesome/quiet/theme.lua	3
[15:44:06.769][debug][#0:script.provider.diagnostic:223]: publishDiagnostics	file:///home/matei/.config/awesome/quiet/theme.lua	1
[15:44:07.242][debug][#0:script.provider.diagnostic:340]: 全文诊断耗时：	0.012793
[15:44:07.295][debug][#0:script.provider.diagnostic:340]: 全文诊断耗时：	0.0019849999999999
[15:44:08.155][debug][#0:script.provider.diagnostic:340]: 全文诊断耗时：	0.0092699999999999
[15:44:08.719][debug][#0:script.provider.diagnostic:340]: 全文诊断耗时：	0.0013079999999999
[15:44:23.122][debug][#0:script.service.service:136]: 
========= Medical Examination Report =========
    --------------- Memory ---------------
        Total: 13.525 MB
        # 00 : 7.188 MB
        # 01 : 2.010 MB
        # 02 : 1.430 MB
        # 03 : 1.430 MB
        # 04 : 1.467 MB
    --------------- Coroutine ---------------
        Total:     10
        Running:   0
        Suspended: 0
        Normal:    0
        Dead:      10
    --------------- Cache ---------------
        Total: 4
        Dead:  3
    --------------- Proto ---------------
        Holdon:   0
        Waiting:  0
==============================================
[15:44:23.723][debug][#0:script.provider.diagnostic:340]: 全文诊断耗时：	0.0052729999999999
[15:44:32.769][debug][#0:script.provider.diagnostic:340]: 全文诊断耗时：	0.035454
[15:44:32.971][debug][#0:script.provider.diagnostic:340]: 全文诊断耗时：	0.026403
[15:44:33.190][debug][#0:script.provider.diagnostic:340]: 全文诊断耗时：	0.010303
[15:44:33.300][debug][#0:script.provider.diagnostic:223]: publishDiagnostics	file:///home/matei/.config/awesome/quiet/theme.lua	2
[15:44:33.302][debug][#0:script.provider.diagnostic:340]: 全文诊断耗时：	0.002027
[15:44:34.044][debug][#0:script.provider.diagnostic:223]: publishDiagnostics	file:///home/matei/.config/awesome/quiet/theme.lua	1
[15:44:34.146][debug][#0:script.provider.diagnostic:340]: 全文诊断耗时：	0.011495
[15:44:47.960][debug][#0:script.provider.diagnostic:340]: 全文诊断耗时：	0.001277
[15:44:48.318][debug][#0:script.provider.diagnostic:340]: 全文诊断耗时：	0.016093
[15:44:49.977][debug][#0:script.provider.diagnostic:340]: 全文诊断耗时：	0.011737
[15:44:50.131][debug][#0:script.provider.diagnostic:340]: 全文诊断耗时：	0.0019970000000002
[15:44:50.810][debug][#0:script.provider.diagnostic:340]: 全文诊断耗时：	0.016172
[15:44:51.319][debug][#0:script.provider.diagnostic:340]: 全文诊断耗时：	0.0038720000000003
[15:44:51.414][debug][#0:script.provider.diagnostic:340]: 全文诊断耗时：	0.0022359999999999
[15:44:52.014][debug][#0:script.provider.diagnostic:340]: 全文诊断耗时：	0.003857
[15:45:09.496][debug][#0:script.provider.diagnostic:340]: 全文诊断耗时：	0.011191999999999
[15:45:12.140][debug][#0:script.provider.diagnostic:340]: 全文诊断耗时：	0.0015419999999997
[15:45:12.560][debug][#0:script.provider.diagnostic:340]: 全文诊断耗时：	0.0015039999999997
[15:45:12.893][debug][#0:script.provider.diagnostic:340]: 全文诊断耗时：	0.012419
[15:45:12.949][debug][#0:script.provider.diagnostic:340]: 全文诊断耗时：	0.0010980000000007
[15:45:14.276][debug][#0:script.provider.diagnostic:340]: 全文诊断耗时：	0.012900999999999
[15:45:16.235][debug][#0:script.provider.diagnostic:340]: 全文诊断耗时：	0.069252
[15:45:16.414][debug][#0:script.provider.diagnostic:340]: 全文诊断耗时：	0.0013030000000001
[15:45:17.660][debug][#0:script.provider.diagnostic:340]: 全文诊断耗时：	0.011819
[15:45:18.501][debug][#0:script.provider.diagnostic:340]: 全文诊断耗时：	0.011896
[15:45:20.582][debug][#0:script.provider.diagnostic:340]: 全文诊断耗时：	0.0041969999999996
[15:45:21.391][debug][#0:script.provider.diagnostic:340]: 全文诊断耗时：	0.0090270000000006
[15:45:21.713][debug][#0:script.provider.diagnostic:340]: 全文诊断耗时：	0.0022169999999999
[15:45:22.050][debug][#0:script.provider.diagnostic:340]: 全文诊断耗时：	0.0045710000000003
[15:45:23.143][debug][#0:script.service.service:136]: 
========= Medical Examination Report =========
    --------------- Memory ---------------
        Total: 13.041 MB
        # 00 : 6.704 MB
        # 01 : 2.010 MB
        # 02 : 1.430 MB
        # 03 : 1.430 MB
        # 04 : 1.467 MB
    --------------- Coroutine ---------------
        Total:     4
        Running:   0
        Suspended: 0
        Normal:    0
        Dead:      4
    --------------- Cache ---------------
        Total: 2
        Dead:  1
    --------------- Proto ---------------
        Holdon:   0
        Waiting:  0
==============================================
[15:45:34.233][debug][#0:script.provider.diagnostic:340]: 全文诊断耗时：	0.0092530000000002
[15:45:34.727][debug][#0:script.provider.diagnostic:340]: 全文诊断耗时：	0.017053
[15:45:34.955][debug][#0:script.provider.diagnostic:223]: publishDiagnostics	file:///home/matei/.config/awesome/quiet/theme.lua	2
[15:45:35.036][debug][#0:script.provider.diagnostic:340]: 全文诊断耗时：	0.016967
[15:45:35.481][debug][#0:script.provider.diagnostic:223]: publishDiagnostics	file:///home/matei/.config/awesome/quiet/theme.lua	1
[15:45:36.074][debug][#0:script.provider.diagnostic:340]: 全文诊断耗时：	0.0018790000000006
[15:45:37.815][debug][#0:script.provider.diagnostic:340]: 全文诊断耗时：	0.013464
[15:45:38.017][debug][#0:script.provider.diagnostic:340]: 全文诊断耗时：	0.013381
[15:45:39.734][debug][#0:script.provider.diagnostic:340]: 全文诊断耗时：	0.0018029999999998
[15:45:39.990][debug][#0:script.provider.diagnostic:340]: 全文诊断耗时：	0.018555
[15:45:40.311][debug][#0:script.provider.diagnostic:340]: 全文诊断耗时：	0.017695
[15:45:41.378][debug][#0:script.provider.diagnostic:340]: 全文诊断耗时：	0.01714
[15:45:41.582][debug][#0:script.provider.diagnostic:340]: 全文诊断耗时：	0.016793
[15:45:42.218][debug][#0:script.provider.diagnostic:340]: 全文诊断耗时：	0.011832
[15:45:42.380][debug][#0:script.provider.diagnostic:340]: 全文诊断耗时：	0.014688
[15:45:42.733][debug][#0:script.provider.diagnostic:340]: 全文诊断耗时：	0.016705999999999
[15:46:02.212][debug][#0:script.provider.diagnostic:340]: 全文诊断耗时：	0.042506000000001
[15:46:02.685][debug][#0:script.provider.diagnostic:340]: 全文诊断耗时：	0.0025499999999994
[15:46:03.803][debug][#0:script.provider.diagnostic:340]: 全文诊断耗时：	0.011709
[15:46:06.824][debug][#0:script.provider.diagnostic:340]: 全文诊断耗时：	0.011599
[15:46:23.164][debug][#0:script.service.service:136]: 
========= Medical Examination Report =========
    --------------- Memory ---------------
        Total: 14.364 MB
        # 00 : 8.027 MB
        # 01 : 2.010 MB
        # 02 : 1.430 MB
        # 03 : 1.430 MB
        # 04 : 1.467 MB
    --------------- Coroutine ---------------
        Total:     36
        Running:   0
        Suspended: 0
        Normal:    0
        Dead:      36
    --------------- Cache ---------------
        Total: 4
        Dead:  3
    --------------- Proto ---------------
        Holdon:   0
        Waiting:  0
==============================================
[15:46:36.008][debug][#0:script.provider.diagnostic:340]: 全文诊断耗时：	0.015796
[15:46:36.180][debug][#0:script.provider.diagnostic:340]: 全文诊断耗时：	0.012846000000001
[15:46:37.204][debug][#0:script.provider.diagnostic:340]: 全文诊断耗时：	0.021531000000001
[15:46:41.497][debug][#0:script.provider.diagnostic:340]: 全文诊断耗时：	0.014346
[15:46:43.173][debug][#0:script.provider.diagnostic:340]: 全文诊断耗时：	0.0033510000000003
[15:46:43.491][debug][#0:script.provider.diagnostic:340]: 全文诊断耗时：	0.0090609999999991
[15:46:44.061][debug][#0:script.provider.diagnostic:340]: 全文诊断耗时：	0.001754
[15:46:45.113][debug][#0:script.provider.diagnostic:340]: 全文诊断耗时：	0.014343
[15:46:45.537][debug][#0:script.provider.diagnostic:340]: 全文诊断耗时：	0.0090240000000001
[15:46:45.794][debug][#0:script.provider.diagnostic:340]: 全文诊断耗时：	0.009500000000001
[15:46:46.155][debug][#0:script.provider.diagnostic:340]: 全文诊断耗时：	0.012288999999999
[15:46:46.364][debug][#0:script.provider.diagnostic:223]: publishDiagnostics	file:///home/matei/.config/awesome/quiet/theme.lua	2
[15:46:46.754][debug][#0:script.provider.diagnostic:340]: 全文诊断耗时：	0.013133999999999
[15:46:47.047][debug][#0:script.provider.diagnostic:223]: publishDiagnostics	file:///home/matei/.config/awesome/quiet/theme.lua	1
[15:46:47.049][debug][#0:script.provider.diagnostic:340]: 全文诊断耗时：	0.0016850000000002
[15:46:49.853][debug][#0:script.provider.diagnostic:340]: 全文诊断耗时：	0.0025410000000008
[15:46:50.573][debug][#0:script.provider.diagnostic:340]: 全文诊断耗时：	0.0092189999999999
[15:46:52.243][debug][#0:script.provider.diagnostic:340]: 全文诊断耗时：	0.0092530000000011
[15:46:52.670][debug][#0:script.provider.diagnostic:340]: 全文诊断耗时：	0.011365999999999
[15:47:23.180][debug][#0:script.service.service:136]: 
========= Medical Examination Report =========
    --------------- Memory ---------------
        Total: 13.516 MB
        # 00 : 7.179 MB
        # 01 : 2.010 MB
        # 02 : 1.430 MB
        # 03 : 1.430 MB
        # 04 : 1.467 MB
    --------------- Coroutine ---------------
        Total:     7
        Running:   0
        Suspended: 0
        Normal:    0
        Dead:      7
    --------------- Cache ---------------
        Total: 4
        Dead:  3
    --------------- Proto ---------------
        Holdon:   0
        Waiting:  0
==============================================
[15:48:23.199][debug][#0:script.service.service:136]: 
========= Medical Examination Report =========
    --------------- Memory ---------------
        Total: 13.524 MB
        # 00 : 7.187 MB
        # 01 : 2.010 MB
        # 02 : 1.430 MB
        # 03 : 1.430 MB
        # 04 : 1.467 MB
    --------------- Coroutine ---------------
        Total:     7
        Running:   0
        Suspended: 0
        Normal:    0
        Dead:      7
    --------------- Cache ---------------
        Total: 4
        Dead:  3
    --------------- Proto ---------------
        Holdon:   0
        Waiting:  0
==============================================
[15:49:23.212][debug][#0:script.service.service:136]: 
========= Medical Examination Report =========
    --------------- Memory ---------------
        Total: 13.531 MB
        # 00 : 7.194 MB
        # 01 : 2.010 MB
        # 02 : 1.430 MB
        # 03 : 1.430 MB
        # 04 : 1.467 MB
    --------------- Coroutine ---------------
        Total:     7
        Running:   0
        Suspended: 0
        Normal:    0
        Dead:      7
    --------------- Cache ---------------
        Total: 4
        Dead:  3
    --------------- Proto ---------------
        Holdon:   0
        Waiting:  0
==============================================
[15:50:23.233][debug][#0:script.service.service:136]: 
========= Medical Examination Report =========
    --------------- Memory ---------------
        Total: 13.538 MB
        # 00 : 7.201 MB
        # 01 : 2.010 MB
        # 02 : 1.430 MB
        # 03 : 1.430 MB
        # 04 : 1.467 MB
    --------------- Coroutine ---------------
        Total:     7
        Running:   0
        Suspended: 0
        Normal:    0
        Dead:      7
    --------------- Cache ---------------
        Total: 4
        Dead:  3
    --------------- Proto ---------------
        Holdon:   0
        Waiting:  0
==============================================
[15:51:23.253][debug][#0:script.service.service:136]: 
========= Medical Examination Report =========
    --------------- Memory ---------------
        Total: 13.545 MB
        # 00 : 7.208 MB
        # 01 : 2.010 MB
        # 02 : 1.430 MB
        # 03 : 1.430 MB
        # 04 : 1.467 MB
    --------------- Coroutine ---------------
        Total:     7
        Running:   0
        Suspended: 0
        Normal:    0
        Dead:      7
    --------------- Cache ---------------
        Total: 4
        Dead:  3
    --------------- Proto ---------------
        Holdon:   0
        Waiting:  0
==============================================
[15:52:23.272][debug][#0:script.service.service:136]: 
========= Medical Examination Report =========
    --------------- Memory ---------------
        Total: 8.166 MB
        # 00 : 1.829 MB
        # 01 : 2.010 MB
        # 02 : 1.430 MB
        # 03 : 1.430 MB
        # 04 : 1.467 MB
    --------------- Coroutine ---------------
        Total:     0
        Running:   0
        Suspended: 0
        Normal:    0
        Dead:      0
    --------------- Cache ---------------
        Total: 1
        Dead:  0
    --------------- Proto ---------------
        Holdon:   0
        Waiting:  0
==============================================
[15:53:23.290][debug][#0:script.service.service:136]: 
========= Medical Examination Report =========
    --------------- Memory ---------------
        Total: 8.174 MB
        # 00 : 1.837 MB
        # 01 : 2.010 MB
        # 02 : 1.430 MB
        # 03 : 1.430 MB
        # 04 : 1.467 MB
    --------------- Coroutine ---------------
        Total:     0
        Running:   0
        Suspended: 0
        Normal:    0
        Dead:      0
    --------------- Cache ---------------
        Total: 1
        Dead:  0
    --------------- Proto ---------------
        Holdon:   0
        Waiting:  0
==============================================
[15:54:23.309][debug][#0:script.service.service:136]: 
========= Medical Examination Report =========
    --------------- Memory ---------------
        Total: 8.181 MB
        # 00 : 1.845 MB
        # 01 : 2.010 MB
        # 02 : 1.430 MB
        # 03 : 1.430 MB
        # 04 : 1.467 MB
    --------------- Coroutine ---------------
        Total:     0
        Running:   0
        Suspended: 0
        Normal:    0
        Dead:      0
    --------------- Cache ---------------
        Total: 1
        Dead:  0
    --------------- Proto ---------------
        Holdon:   0
        Waiting:  0
==============================================
[15:55:23.327][debug][#0:script.service.service:136]: 
========= Medical Examination Report =========
    --------------- Memory ---------------
        Total: 8.188 MB
        # 00 : 1.852 MB
        # 01 : 2.010 MB
        # 02 : 1.430 MB
        # 03 : 1.430 MB
        # 04 : 1.467 MB
    --------------- Coroutine ---------------
        Total:     0
        Running:   0
        Suspended: 0
        Normal:    0
        Dead:      0
    --------------- Cache ---------------
        Total: 1
        Dead:  0
    --------------- Proto ---------------
        Holdon:   0
        Waiting:  0
==============================================
[15:56:23.345][debug][#0:script.service.service:136]: 
========= Medical Examination Report =========
    --------------- Memory ---------------
        Total: 8.196 MB
        # 00 : 1.859 MB
        # 01 : 2.010 MB
        # 02 : 1.430 MB
        # 03 : 1.430 MB
        # 04 : 1.467 MB
    --------------- Coroutine ---------------
        Total:     0
        Running:   0
        Suspended: 0
        Normal:    0
        Dead:      0
    --------------- Cache ---------------
        Total: 1
        Dead:  0
    --------------- Proto ---------------
        Holdon:   0
        Waiting:  0
==============================================
[15:57:23.363][debug][#0:script.service.service:136]: 
========= Medical Examination Report =========
    --------------- Memory ---------------
        Total: 8.203 MB
        # 00 : 1.866 MB
        # 01 : 2.010 MB
        # 02 : 1.430 MB
        # 03 : 1.430 MB
        # 04 : 1.467 MB
    --------------- Coroutine ---------------
        Total:     0
        Running:   0
        Suspended: 0
        Normal:    0
        Dead:      0
    --------------- Cache ---------------
        Total: 1
        Dead:  0
    --------------- Proto ---------------
        Holdon:   0
        Waiting:  0
==============================================
[15:58:23.384][debug][#0:script.service.service:136]: 
========= Medical Examination Report =========
    --------------- Memory ---------------
        Total: 8.210 MB
        # 00 : 1.873 MB
        # 01 : 2.010 MB
        # 02 : 1.430 MB
        # 03 : 1.430 MB
        # 04 : 1.467 MB
    --------------- Coroutine ---------------
        Total:     0
        Running:   0
        Suspended: 0
        Normal:    0
        Dead:      0
    --------------- Cache ---------------
        Total: 1
        Dead:  0
    --------------- Proto ---------------
        Holdon:   0
        Waiting:  0
==============================================
[15:59:23.403][debug][#0:script.service.service:136]: 
========= Medical Examination Report =========
    --------------- Memory ---------------
        Total: 8.217 MB
        # 00 : 1.880 MB
        # 01 : 2.010 MB
        # 02 : 1.430 MB
        # 03 : 1.430 MB
        # 04 : 1.467 MB
    --------------- Coroutine ---------------
        Total:     0
        Running:   0
        Suspended: 0
        Normal:    0
        Dead:      0
    --------------- Cache ---------------
        Total: 1
        Dead:  0
    --------------- Proto ---------------
        Holdon:   0
        Waiting:  0
==============================================
[16:00:23.418][debug][#0:script.service.service:136]: 
========= Medical Examination Report =========
    --------------- Memory ---------------
        Total: 8.224 MB
        # 00 : 1.887 MB
        # 01 : 2.010 MB
        # 02 : 1.430 MB
        # 03 : 1.430 MB
        # 04 : 1.467 MB
    --------------- Coroutine ---------------
        Total:     0
        Running:   0
        Suspended: 0
        Normal:    0
        Dead:      0
    --------------- Cache ---------------
        Total: 1
        Dead:  0
    --------------- Proto ---------------
        Holdon:   0
        Waiting:  0
==============================================
[16:01:23.436][debug][#0:script.service.service:136]: 
========= Medical Examination Report =========
    --------------- Memory ---------------
        Total: 8.231 MB
        # 00 : 1.895 MB
        # 01 : 2.010 MB
        # 02 : 1.430 MB
        # 03 : 1.430 MB
        # 04 : 1.467 MB
    --------------- Coroutine ---------------
        Total:     0
        Running:   0
        Suspended: 0
        Normal:    0
        Dead:      0
    --------------- Cache ---------------
        Total: 1
        Dead:  0
    --------------- Proto ---------------
        Holdon:   0
        Waiting:  0
==============================================
[16:02:23.456][debug][#0:script.service.service:136]: 
========= Medical Examination Report =========
    --------------- Memory ---------------
        Total: 8.238 MB
        # 00 : 1.902 MB
        # 01 : 2.010 MB
        # 02 : 1.430 MB
        # 03 : 1.430 MB
        # 04 : 1.467 MB
    --------------- Coroutine ---------------
        Total:     0
        Running:   0
        Suspended: 0
        Normal:    0
        Dead:      0
    --------------- Cache ---------------
        Total: 1
        Dead:  0
    --------------- Proto ---------------
        Holdon:   0
        Waiting:  0
==============================================
[16:03:23.479][debug][#0:script.service.service:136]: 
========= Medical Examination Report =========
    --------------- Memory ---------------
        Total: 8.246 MB
        # 00 : 1.909 MB
        # 01 : 2.010 MB
        # 02 : 1.430 MB
        # 03 : 1.430 MB
        # 04 : 1.467 MB
    --------------- Coroutine ---------------
        Total:     0
        Running:   0
        Suspended: 0
        Normal:    0
        Dead:      0
    --------------- Cache ---------------
        Total: 1
        Dead:  0
    --------------- Proto ---------------
        Holdon:   0
        Waiting:  0
==============================================
